[ 2015-07-05T21:56:35+08:00 ] 127.0.0.1 /gravidacare/
INFO: [ app_begin ] --START--
INFO: ReadHtmlCache Behavior ::run [ RunTime:0.005987s ]
INFO: [ app_begin ] --END-- [ RunTime:0.006108s ]

[ 2015-07-05T21:56:36+08:00 ] 127.0.0.1 /gravidacare/index.php/Login/index
INFO: [ route_check ] --START--
INFO: CheckRoute Behavior ::run [ RunTime:0.007683s ]
INFO: [ route_check ] --END-- [ RunTime:0.007800s ]
INFO: [ app_begin ] --START--
INFO: ReadHtmlCache Behavior ::run [ RunTime:0.000762s ]
INFO: [ app_begin ] --END-- [ RunTime:0.000839s ]
NOTIC: [2] Missing argument 1 for Action::show(), called in D:\www\gravidacare\Apply\Lib\Action\LoginAction.class.php on line 5 and defined D:\www\gravidacare\ThinkPHP\Lib\Core\Action.class.php 第 107 行.
NOTIC: [8] Undefined variable: content D:\www\gravidacare\ThinkPHP\Lib\Core\Action.class.php 第 108 行.
INFO: [ view_parse ] --START--
INFO: ParseTemplate Behavior ::run [ RunTime:0.105600s ]
INFO: [ view_parse ] --END-- [ RunTime:0.105769s ]
INFO: [ view_filter ] --START--
INFO: ContentReplace Behavior ::run [ RunTime:0.003062s ]
INFO: TokenBuild Behavior ::run [ RunTime:0.003358s ]
INFO: WriteHtmlCache Behavior ::run [ RunTime:0.002661s ]
INFO: ShowRuntime Behavior ::run [ RunTime:0.003889s ]
INFO: [ view_filter ] --END-- [ RunTime:0.013174s ]
INFO: [ view_end ] --START--
INFO: ShowPageTrace Behavior ::run [ RunTime:0.003293s ]
INFO: [ view_end ] --END-- [ RunTime:0.003361s ]

[ 2015-07-05T21:56:51+08:00 ] 127.0.0.1 /gravidacare/index.php/Token/gravida
INFO: [ route_check ] --START--
INFO: CheckRoute Behavior ::run [ RunTime:0.001582s ]
INFO: [ route_check ] --END-- [ RunTime:0.001695s ]
INFO: [ app_begin ] --START--
INFO: ReadHtmlCache Behavior ::run [ RunTime:0.000952s ]
INFO: [ app_begin ] --END-- [ RunTime:0.001078s ]
ERR: 非法操作:gravida

